build/app/intermediates/manifest_merge_blame_file/debug/manifest-merger-blame-debug-report.txt
1<?xml version="1.0" encoding="utf-8"?>
2<manifest xmlns:android="http://schemas.android.com/apk/res/android"
3    package="com.flyweb"
4    android:versionCode="1"
5    android:versionName="1.0.0" >
6
7    <uses-sdk
8        android:minSdkVersion="19"
9        android:targetSdkVersion="30" />
10    <!--
11         Flutter needs it to communicate with the running application
12         to allow setting breakpoints, to provide hot reload, etc.
13    -->
14    <uses-permission android:name="android.permission.INTERNET" />
14-->src\main\AndroidManifest.xml:8:5-67
14-->src\main\AndroidManifest.xml:8:22-64
15<!--     <uses-permission android:name="android.permission.QUERY_ALL_PACKAGES"/> -->
16    <uses-permission android:name="com.google.android.c2dm.permission.RECEIVE" />
16-->src\main\AndroidManifest.xml:7:5-81
16-->src\main\AndroidManifest.xml:7:22-79
17    <uses-permission android:name="android.permission.ACCESS_WIFI_STATE" />
17-->src\main\AndroidManifest.xml:9:5-76
17-->src\main\AndroidManifest.xml:9:22-73
18    <uses-permission android:name="android.permission.ACCESS_NETWORK_STATE" />
18-->src\main\AndroidManifest.xml:10:5-79
18-->src\main\AndroidManifest.xml:10:22-76
19    <uses-permission android:name="android.permission.WRITE_EXTERNAL_STORAGE" />
19-->src\main\AndroidManifest.xml:11:5-80
19-->src\main\AndroidManifest.xml:11:22-78
20    <uses-permission android:name="android.permission.READ_EXTERNAL_STORAGE" />
20-->src\main\AndroidManifest.xml:12:5-80
20-->src\main\AndroidManifest.xml:12:22-77
21    <uses-permission android:name="android.permission.ACCESS_FINE_LOCATION" />
21-->src\main\AndroidManifest.xml:13:5-79
21-->src\main\AndroidManifest.xml:13:22-76
22    <uses-permission android:name="android.permission.ACCESS_COARSE_LOCATION" />
22-->src\main\AndroidManifest.xml:14:5-81
22-->src\main\AndroidManifest.xml:14:22-78
23    <uses-permission android:name="android.permission.ACCESS_BACKGROUND_LOCATION" />
23-->src\main\AndroidManifest.xml:15:5-85
23-->src\main\AndroidManifest.xml:15:22-82
24    <uses-permission android:name="android.permission.CAMERA" />
24-->src\main\AndroidManifest.xml:16:5-65
24-->src\main\AndroidManifest.xml:16:22-62
25    <uses-permission android:name="android.permission.RECORD_AUDIO" />
25-->src\main\AndroidManifest.xml:17:5-71
25-->src\main\AndroidManifest.xml:17:22-68
26    <uses-permission android:name="android.permission.MODIFY_AUDIO_SETTINGS" />
26-->src\main\AndroidManifest.xml:18:5-80
26-->src\main\AndroidManifest.xml:18:22-77
27    <uses-permission android:name="android.permission.VIDEO_CAPTURE" />
27-->src\main\AndroidManifest.xml:19:5-72
27-->src\main\AndroidManifest.xml:19:22-69
28    <uses-permission android:name="android.permission.AUDIO_CAPTURE" />
28-->src\main\AndroidManifest.xml:20:5-72
28-->src\main\AndroidManifest.xml:20:22-69
29    <uses-permission android:name="android.permission.REQUEST_INSTALL_PACKAGES" />
29-->src\main\AndroidManifest.xml:21:5-83
29-->src\main\AndroidManifest.xml:21:22-80
30    <uses-permission android:name="android.permission.CAMERA" />
30-->src\main\AndroidManifest.xml:16:5-65
30-->src\main\AndroidManifest.xml:16:22-62
31
32    <uses-feature android:name="android.hardware.camera" />
32-->[:flutter_barcode_scanner] AndroidManifest.xml:11:5-60
32-->[:flutter_barcode_scanner] AndroidManifest.xml:11:19-57
33
34    <uses-permission android:name="android.permission.FLASHLIGHT" />
34-->[:flutter_barcode_scanner] AndroidManifest.xml:13:5-69
34-->[:flutter_barcode_scanner] AndroidManifest.xml:13:22-66
35
36    <queries>
36-->[:flutter_inappwebview] AndroidManifest.xml:7:5-11:15
37        <intent>
37-->[:flutter_inappwebview] AndroidManifest.xml:8:9-10:18
38            <action android:name="android.support.customtabs.action.CustomTabsService" />
38-->[:flutter_inappwebview] AndroidManifest.xml:9:13-90
38-->[:flutter_inappwebview] AndroidManifest.xml:9:21-87
39        </intent>
40        <!-- For browser content -->
41        <intent>
41-->[com.google.android.gms:play-services-ads-lite:19.7.0] AndroidManifest.xml:30:9-36:18
42            <action android:name="android.intent.action.VIEW" />
42-->src\main\AndroidManifest.xml:60:12-64
42-->src\main\AndroidManifest.xml:60:20-61
43
44            <category android:name="android.intent.category.BROWSABLE" />
44-->src\main\AndroidManifest.xml:62:12-73
44-->src\main\AndroidManifest.xml:62:22-70
45
46            <data android:scheme="https" />
46-->src\main\AndroidManifest.xml:63:12-59
46-->src\main\AndroidManifest.xml:63:18-56
47        </intent>
48    </queries>
49
50    <uses-permission android:name="android.permission.WAKE_LOCK" /> <!-- Create a unique permission for your app and use it so only your app can receive your OneSignal messages. -->
50-->[:firebase_messaging] AndroidManifest.xml:8:5-68
50-->[:firebase_messaging] AndroidManifest.xml:8:22-65
51    <permission
51-->[com.onesignal:OneSignal:3.15.7] AndroidManifest.xml:7:5-9:47
52        android:name="com.flyweb.permission.C2D_MESSAGE"
52-->[com.onesignal:OneSignal:3.15.7] AndroidManifest.xml:8:9-63
53        android:protectionLevel="signature" />
53-->[com.onesignal:OneSignal:3.15.7] AndroidManifest.xml:9:9-44
54
55    <uses-permission android:name="com.flyweb.permission.C2D_MESSAGE" />
55-->[com.onesignal:OneSignal:3.15.7] AndroidManifest.xml:11:5-79
55-->[com.onesignal:OneSignal:3.15.7] AndroidManifest.xml:11:22-76
56    <!--
57 Required so the device vibrates on receiving a push notification.
58         Vibration settings of the device still apply.
59    -->
60    <uses-permission android:name="android.permission.VIBRATE" />
60-->[com.onesignal:OneSignal:3.15.7] AndroidManifest.xml:23:5-66
60-->[com.onesignal:OneSignal:3.15.7] AndroidManifest.xml:23:22-63
61    <!--
62 Use to restore notifications the user hasn't interacted with.
63         They could be missed notifications if the user reboots their device if this isn't in place.
64    -->
65    <uses-permission android:name="android.permission.RECEIVE_BOOT_COMPLETED" /> <!-- START: ShortcutBadger -->
65-->[com.onesignal:OneSignal:3.15.7] AndroidManifest.xml:29:5-81
65-->[com.onesignal:OneSignal:3.15.7] AndroidManifest.xml:29:22-78
66    <!-- Samsung -->
67    <uses-permission android:name="com.sec.android.provider.badge.permission.READ" />
67-->[com.onesignal:OneSignal:3.15.7] AndroidManifest.xml:31:5-86
67-->[com.onesignal:OneSignal:3.15.7] AndroidManifest.xml:31:22-83
68    <uses-permission android:name="com.sec.android.provider.badge.permission.WRITE" /> <!-- HTC -->
68-->[com.onesignal:OneSignal:3.15.7] AndroidManifest.xml:32:5-87
68-->[com.onesignal:OneSignal:3.15.7] AndroidManifest.xml:32:22-84
69    <uses-permission android:name="com.htc.launcher.permission.READ_SETTINGS" />
69-->[com.onesignal:OneSignal:3.15.7] AndroidManifest.xml:33:5-81
69-->[com.onesignal:OneSignal:3.15.7] AndroidManifest.xml:33:22-78
70    <uses-permission android:name="com.htc.launcher.permission.UPDATE_SHORTCUT" /> <!-- Sony -->
70-->[com.onesignal:OneSignal:3.15.7] AndroidManifest.xml:34:5-83
70-->[com.onesignal:OneSignal:3.15.7] AndroidManifest.xml:34:22-80
71    <uses-permission android:name="com.sonyericsson.home.permission.BROADCAST_BADGE" />
71-->[com.onesignal:OneSignal:3.15.7] AndroidManifest.xml:35:5-88
71-->[com.onesignal:OneSignal:3.15.7] AndroidManifest.xml:35:22-85
72    <uses-permission android:name="com.sonymobile.home.permission.PROVIDER_INSERT_BADGE" /> <!-- Apex -->
72-->[com.onesignal:OneSignal:3.15.7] AndroidManifest.xml:36:5-92
72-->[com.onesignal:OneSignal:3.15.7] AndroidManifest.xml:36:22-89
73    <uses-permission android:name="com.anddoes.launcher.permission.UPDATE_COUNT" /> <!-- Solid -->
73-->[com.onesignal:OneSignal:3.15.7] AndroidManifest.xml:37:5-84
73-->[com.onesignal:OneSignal:3.15.7] AndroidManifest.xml:37:22-81
74    <uses-permission android:name="com.majeur.launcher.permission.UPDATE_BADGE" /> <!-- Huawei -->
74-->[com.onesignal:OneSignal:3.15.7] AndroidManifest.xml:38:5-83
74-->[com.onesignal:OneSignal:3.15.7] AndroidManifest.xml:38:22-80
75    <uses-permission android:name="com.huawei.android.launcher.permission.CHANGE_BADGE" />
75-->[com.onesignal:OneSignal:3.15.7] AndroidManifest.xml:39:5-91
75-->[com.onesignal:OneSignal:3.15.7] AndroidManifest.xml:39:22-88
76    <uses-permission android:name="com.huawei.android.launcher.permission.READ_SETTINGS" />
76-->[com.onesignal:OneSignal:3.15.7] AndroidManifest.xml:40:5-92
76-->[com.onesignal:OneSignal:3.15.7] AndroidManifest.xml:40:22-89
77    <uses-permission android:name="com.huawei.android.launcher.permission.WRITE_SETTINGS" /> <!-- ZUK -->
77-->[com.onesignal:OneSignal:3.15.7] AndroidManifest.xml:41:5-93
77-->[com.onesignal:OneSignal:3.15.7] AndroidManifest.xml:41:22-90
78    <uses-permission android:name="android.permission.READ_APP_BADGE" /> <!-- OPPO -->
78-->[com.onesignal:OneSignal:3.15.7] AndroidManifest.xml:42:5-73
78-->[com.onesignal:OneSignal:3.15.7] AndroidManifest.xml:42:22-70
79    <uses-permission android:name="com.oppo.launcher.permission.READ_SETTINGS" />
79-->[com.onesignal:OneSignal:3.15.7] AndroidManifest.xml:43:5-82
79-->[com.onesignal:OneSignal:3.15.7] AndroidManifest.xml:43:22-79
80    <uses-permission android:name="com.oppo.launcher.permission.WRITE_SETTINGS" /> <!-- EvMe -->
80-->[com.onesignal:OneSignal:3.15.7] AndroidManifest.xml:44:5-83
80-->[com.onesignal:OneSignal:3.15.7] AndroidManifest.xml:44:22-80
81    <uses-permission android:name="me.everything.badger.permission.BADGE_COUNT_READ" />
81-->[com.onesignal:OneSignal:3.15.7] AndroidManifest.xml:45:5-88
81-->[com.onesignal:OneSignal:3.15.7] AndroidManifest.xml:45:22-85
82    <uses-permission android:name="me.everything.badger.permission.BADGE_COUNT_WRITE" />
82-->[com.onesignal:OneSignal:3.15.7] AndroidManifest.xml:46:5-89
82-->[com.onesignal:OneSignal:3.15.7] AndroidManifest.xml:46:22-86
83
84    <application
84-->src\main\AndroidManifest.xml:24:5-77:19
85        android:name="androidx.multidex.MultiDexApplication"
86        android:appComponentFactory="androidx.core.app.CoreComponentFactory"
86-->[androidx.core:core:1.3.1] AndroidManifest.xml:24:18-86
87        android:debuggable="true"
88        android:icon="@mipmap/ic_launcher"
88-->src\main\AndroidManifest.xml:26:9-43
89        android:label="@string/app_name"
89-->src\main\AndroidManifest.xml:25:9-41
90        android:largeHeap="true"
90-->[:flutter_barcode_scanner] AndroidManifest.xml:16:9-33
91        android:theme="@style/Theme.AppCompat.NoActionBar"
91-->[:flutter_barcode_scanner] AndroidManifest.xml:17:9-59
92        android:usesCleartextTraffic="true" >
92-->src\main\AndroidManifest.xml:27:9-44
93        <activity
93-->src\main\AndroidManifest.xml:28:9-66:15
94            android:name="com.flyweb.MainActivity"
94-->src\main\AndroidManifest.xml:29:13-41
95            android:configChanges="orientation|keyboardHidden|keyboard|screenSize|smallestScreenSize|locale|layoutDirection|fontScale|screenLayout|density|uiMode"
95-->src\main\AndroidManifest.xml:32:13-163
96            android:hardwareAccelerated="true"
96-->src\main\AndroidManifest.xml:33:13-47
97            android:launchMode="singleTop"
97-->src\main\AndroidManifest.xml:30:13-43
98            android:theme="@style/LaunchTheme"
98-->src\main\AndroidManifest.xml:31:13-47
99            android:windowSoftInputMode="adjustResize" >
99-->src\main\AndroidManifest.xml:34:13-55
100
101            <!--
102                 Specifies an Android theme to apply to this Activity as soon as
103                 the Android process has started. This theme is visible to the user
104                 while the Flutter UI initializes. After that, this theme continues
105                 to determine the Window background behind the Flutter UI.
106            -->
107            <meta-data
107-->src\main\AndroidManifest.xml:39:13-42:17
108                android:name="io.flutter.embedding.android.NormalTheme"
108-->src\main\AndroidManifest.xml:40:15-70
109                android:resource="@style/NormalTheme" />
109-->src\main\AndroidManifest.xml:41:15-52
110            <!--
111                 Displays an Android View that continues showing the launch screen
112                 Drawable until Flutter paints its first frame, then this splash
113                 screen fades out. A splash screen is useful to avoid any visual
114                 gap between the end of Android's launch screen and the painting of
115                 Flutter's first frame.
116            -->
117            <meta-data
117-->src\main\AndroidManifest.xml:48:13-51:17
118                android:name="io.flutter.embedding.android.SplashScreenDrawable"
118-->src\main\AndroidManifest.xml:49:15-79
119                android:resource="@drawable/launch_background" />
119-->src\main\AndroidManifest.xml:50:15-61
120
121            <intent-filter>
121-->src\main\AndroidManifest.xml:52:13-55:29
122                <action android:name="android.intent.action.MAIN" />
122-->src\main\AndroidManifest.xml:53:17-68
122-->src\main\AndroidManifest.xml:53:25-66
123
124                <category android:name="android.intent.category.LAUNCHER" />
124-->src\main\AndroidManifest.xml:54:17-76
124-->src\main\AndroidManifest.xml:54:27-74
125            </intent-filter>
126
127            <!-- Deeplink -->
128            <meta-data
128-->src\main\AndroidManifest.xml:58:8-85
129                android:name="flutter_deeplinking_enabled"
129-->src\main\AndroidManifest.xml:58:19-61
130                android:value="true" />
130-->src\main\AndroidManifest.xml:58:62-82
131
132            <intent-filter android:autoVerify="true" >
132-->src\main\AndroidManifest.xml:59:8-64:24
132-->src\main\AndroidManifest.xml:59:23-48
133                <action android:name="android.intent.action.VIEW" />
133-->src\main\AndroidManifest.xml:60:12-64
133-->src\main\AndroidManifest.xml:60:20-61
134
135                <category android:name="android.intent.category.DEFAULT" />
135-->src\main\AndroidManifest.xml:61:12-71
135-->src\main\AndroidManifest.xml:61:22-68
136                <category android:name="android.intent.category.BROWSABLE" />
136-->src\main\AndroidManifest.xml:62:12-73
136-->src\main\AndroidManifest.xml:62:22-70
137
138                <data android:scheme="app.flyweb.portfolize" />
138-->src\main\AndroidManifest.xml:63:12-59
138-->src\main\AndroidManifest.xml:63:18-56
139            </intent-filter>
140        </activity>
141        <!--
142        Don't delete the meta-data below.
143        This is used by the Flutter tool to generate GeneratedPluginRegistrant.java
144        -->
145        <meta-data
145-->src\main\AndroidManifest.xml:69:9-71:33
146            android:name="flutterEmbedding"
146-->src\main\AndroidManifest.xml:70:13-44
147            android:value="2" />
147-->src\main\AndroidManifest.xml:71:13-30
148        <meta-data
148-->src\main\AndroidManifest.xml:73:9-75:69
149            android:name="com.google.android.gms.ads.APPLICATION_ID"
149-->src\main\AndroidManifest.xml:74:13-69
150            android:value="ca-app-pub-7432665165146018~2664444130" />
150-->src\main\AndroidManifest.xml:75:13-67
151
152        <activity android:name="com.amolg.flutterbarcodescanner.BarcodeCaptureActivity" />
152-->[:flutter_barcode_scanner] AndroidManifest.xml:18:9-91
152-->[:flutter_barcode_scanner] AndroidManifest.xml:18:19-88
153
154        <meta-data
154-->[:google_mobile_ads] AndroidManifest.xml:10:9-12:36
155            android:name="io.flutter.embedded_views_preview"
155-->[:google_mobile_ads] AndroidManifest.xml:11:13-61
156            android:value="true" />
156-->[:google_mobile_ads] AndroidManifest.xml:12:13-33
157
158        <activity
158-->[:flutter_inappwebview] AndroidManifest.xml:14:9-17:47
159            android:name="com.pichillilorenzo.flutter_inappwebview.in_app_browser.InAppBrowserActivity"
159-->[:flutter_inappwebview] AndroidManifest.xml:15:13-104
160            android:configChanges="orientation|keyboardHidden|keyboard|screenSize|locale|layoutDirection|fontScale|screenLayout|density"
160-->[:flutter_inappwebview] AndroidManifest.xml:16:13-137
161            android:theme="@style/AppTheme" />
161-->[:flutter_inappwebview] AndroidManifest.xml:17:13-44
162        <activity
162-->[:flutter_inappwebview] AndroidManifest.xml:18:9-20:55
163            android:name="com.pichillilorenzo.flutter_inappwebview.chrome_custom_tabs.ChromeCustomTabsActivity"
163-->[:flutter_inappwebview] AndroidManifest.xml:19:13-112
164            android:theme="@style/ThemeTransparent" />
164-->[:flutter_inappwebview] AndroidManifest.xml:20:13-52
165
166        <receiver android:name="com.pichillilorenzo.flutter_inappwebview.chrome_custom_tabs.ActionBroadcastReceiver" />
166-->[:flutter_inappwebview] AndroidManifest.xml:22:9-120
166-->[:flutter_inappwebview] AndroidManifest.xml:22:19-117
167
168        <service
168-->[:firebase_messaging] AndroidManifest.xml:12:9-15:72
169            android:name="io.flutter.plugins.firebase.messaging.FlutterFirebaseMessagingBackgroundService"
169-->[:firebase_messaging] AndroidManifest.xml:13:13-107
170            android:exported="false"
170-->[:firebase_messaging] AndroidManifest.xml:14:13-37
171            android:permission="android.permission.BIND_JOB_SERVICE" />
171-->[:firebase_messaging] AndroidManifest.xml:15:13-69
172        <service
172-->[:firebase_messaging] AndroidManifest.xml:16:9-22:19
173            android:name="io.flutter.plugins.firebase.messaging.FlutterFirebaseMessagingService"
173-->[:firebase_messaging] AndroidManifest.xml:17:13-97
174            android:exported="false" >
174-->[:firebase_messaging] AndroidManifest.xml:18:13-37
175            <intent-filter>
175-->[:firebase_messaging] AndroidManifest.xml:19:13-21:29
176                <action android:name="com.google.firebase.MESSAGING_EVENT" />
176-->[:firebase_messaging] AndroidManifest.xml:20:17-78
176-->[:firebase_messaging] AndroidManifest.xml:20:25-75
177            </intent-filter>
178        </service>
179
180        <receiver
180-->[:firebase_messaging] AndroidManifest.xml:24:9-31:20
181            android:name="io.flutter.plugins.firebase.messaging.FlutterFirebaseMessagingReceiver"
181-->[:firebase_messaging] AndroidManifest.xml:25:13-98
182            android:exported="true"
182-->[:firebase_messaging] AndroidManifest.xml:26:13-36
183            android:permission="com.google.android.c2dm.permission.SEND" >
183-->[:firebase_messaging] AndroidManifest.xml:27:13-73
184            <intent-filter>
184-->[:firebase_messaging] AndroidManifest.xml:28:13-30:29
185                <action android:name="com.google.android.c2dm.intent.RECEIVE" />
185-->[:firebase_messaging] AndroidManifest.xml:29:17-81
185-->[:firebase_messaging] AndroidManifest.xml:29:25-78
186            </intent-filter>
187        </receiver>
188
189        <service
189-->[:firebase_messaging] AndroidManifest.xml:33:9-37:19
190            android:name="com.google.firebase.components.ComponentDiscoveryService"
190-->[:firebase_messaging] AndroidManifest.xml:33:18-89
191            android:directBootAware="true"
191-->[com.google.firebase:firebase-common:19.5.0] AndroidManifest.xml:35:13-43
192            android:exported="false" >
192-->[com.google.firebase:firebase-messaging:21.0.1] AndroidManifest.xml:38:13-37
193            <meta-data
193-->[:firebase_messaging] AndroidManifest.xml:34:13-36:85
194                android:name="com.google.firebase.components:io.flutter.plugins.firebase.messaging.FlutterFirebaseAppRegistrar"
194-->[:firebase_messaging] AndroidManifest.xml:35:17-128
195                android:value="com.google.firebase.components.ComponentRegistrar" />
195-->[:firebase_messaging] AndroidManifest.xml:36:17-82
196            <meta-data
196-->[:firebase_core] AndroidManifest.xml:9:13-11:85
197                android:name="com.google.firebase.components:io.flutter.plugins.firebase.core.FlutterFirebaseCoreRegistrar"
197-->[:firebase_core] AndroidManifest.xml:10:17-124
198                android:value="com.google.firebase.components.ComponentRegistrar" />
198-->[:firebase_core] AndroidManifest.xml:11:17-82
199            <meta-data
199-->[com.google.firebase:firebase-messaging:21.0.1] AndroidManifest.xml:39:13-41:85
200                android:name="com.google.firebase.components:com.google.firebase.messaging.FirebaseMessagingRegistrar"
200-->[com.google.firebase:firebase-messaging:21.0.1] AndroidManifest.xml:40:17-119
201                android:value="com.google.firebase.components.ComponentRegistrar" />
201-->[com.google.firebase:firebase-messaging:21.0.1] AndroidManifest.xml:41:17-82
202            <meta-data
202-->[com.google.firebase:firebase-iid:21.0.1] AndroidManifest.xml:32:13-34:85
203                android:name="com.google.firebase.components:com.google.firebase.iid.Registrar"
203-->[com.google.firebase:firebase-iid:21.0.1] AndroidManifest.xml:33:17-96
204                android:value="com.google.firebase.components.ComponentRegistrar" />
204-->[com.google.firebase:firebase-iid:21.0.1] AndroidManifest.xml:34:17-82
205            <meta-data
205-->[com.google.firebase:firebase-datatransport:17.0.10] AndroidManifest.xml:28:13-30:85
206                android:name="com.google.firebase.components:com.google.firebase.datatransport.TransportRegistrar"
206-->[com.google.firebase:firebase-datatransport:17.0.10] AndroidManifest.xml:29:17-115
207                android:value="com.google.firebase.components.ComponentRegistrar" />
207-->[com.google.firebase:firebase-datatransport:17.0.10] AndroidManifest.xml:30:17-82
208            <meta-data
208-->[com.google.firebase:firebase-installations:16.3.5] AndroidManifest.xml:18:13-20:85
209                android:name="com.google.firebase.components:com.google.firebase.installations.FirebaseInstallationsRegistrar"
209-->[com.google.firebase:firebase-installations:16.3.5] AndroidManifest.xml:19:17-127
210                android:value="com.google.firebase.components.ComponentRegistrar" />
210-->[com.google.firebase:firebase-installations:16.3.5] AndroidManifest.xml:20:17-82
211            <!--
212                This registrar is not defined in the dynamic-module-support sdk itself to allow non-firebase
213                clients to use it as well, by defining this registrar in their own core/common library.
214            -->
215            <meta-data
215-->[com.google.firebase:firebase-common:19.5.0] AndroidManifest.xml:43:13-45:85
216                android:name="com.google.firebase.components:com.google.firebase.dynamicloading.DynamicLoadingRegistrar"
216-->[com.google.firebase:firebase-common:19.5.0] AndroidManifest.xml:44:17-121
217                android:value="com.google.firebase.components.ComponentRegistrar" />
217-->[com.google.firebase:firebase-common:19.5.0] AndroidManifest.xml:45:17-82
218        </service>
219
220        <provider
220-->[:firebase_messaging] AndroidManifest.xml:39:9-43:38
221            android:name="io.flutter.plugins.firebase.messaging.FlutterFirebaseMessagingInitProvider"
221-->[:firebase_messaging] AndroidManifest.xml:40:13-102
222            android:authorities="com.flyweb.flutterfirebasemessaginginitprovider"
222-->[:firebase_messaging] AndroidManifest.xml:41:13-88
223            android:exported="false"
223-->[:firebase_messaging] AndroidManifest.xml:42:13-37
224            android:initOrder="99" />
224-->[:firebase_messaging] AndroidManifest.xml:43:13-35
225        <provider
225-->[:share] AndroidManifest.xml:8:9-16:20
226            android:name="io.flutter.plugins.share.ShareFileProvider"
226-->[:share] AndroidManifest.xml:9:13-70
227            android:authorities="com.flyweb.flutter.share_provider"
227-->[:share] AndroidManifest.xml:10:13-74
228            android:exported="false"
228-->[:share] AndroidManifest.xml:11:13-37
229            android:grantUriPermissions="true" >
229-->[:share] AndroidManifest.xml:12:13-47
230            <meta-data
230-->[:share] AndroidManifest.xml:13:13-15:68
231                android:name="android.support.FILE_PROVIDER_PATHS"
231-->[:share] AndroidManifest.xml:14:17-67
232                android:resource="@xml/flutter_share_file_paths" />
232-->[:share] AndroidManifest.xml:15:17-65
233        </provider>
234
235        <activity
235-->[:url_launcher] AndroidManifest.xml:8:9-11:74
236            android:name="io.flutter.plugins.urllauncher.WebViewActivity"
236-->[:url_launcher] AndroidManifest.xml:9:13-74
237            android:exported="false"
237-->[:url_launcher] AndroidManifest.xml:10:13-37
238            android:theme="@android:style/Theme.NoTitleBar.Fullscreen" />
238-->[:url_launcher] AndroidManifest.xml:11:13-71
239
240        <meta-data
240-->[com.onesignal:OneSignal:3.15.7] AndroidManifest.xml:49:9-51:51
241            android:name="onesignal_app_id"
241-->[com.onesignal:OneSignal:3.15.7] AndroidManifest.xml:50:13-44
242            android:value="xxxxxxxx-xxxx-xxxx-xxxx-xxxxxxxxxxxx" /> <!-- Deprecated - Pulled from OneSignal dashboard. -->
242-->[com.onesignal:OneSignal:3.15.7] AndroidManifest.xml:51:13-48
243        <meta-data
243-->[com.onesignal:OneSignal:3.15.7] AndroidManifest.xml:53:9-55:70
244            android:name="onesignal_google_project_number"
244-->[com.onesignal:OneSignal:3.15.7] AndroidManifest.xml:54:13-59
245            android:value="str:xxxxxxxxxxxx" />
245-->[com.onesignal:OneSignal:3.15.7] AndroidManifest.xml:55:13-67
246
247        <receiver
247-->[com.onesignal:OneSignal:3.15.7] AndroidManifest.xml:57:9-67:20
248            android:name="com.onesignal.GcmBroadcastReceiver"
248-->[com.onesignal:OneSignal:3.15.7] AndroidManifest.xml:58:13-62
249            android:permission="com.google.android.c2dm.permission.SEND" >
249-->[com.onesignal:OneSignal:3.15.7] AndroidManifest.xml:59:13-73
250
251            <!-- High priority so OneSignal payloads can be filtered from other GCM receivers if filterOtherGCMReceivers is enabled. -->
252            <intent-filter android:priority="999" >
252-->[com.onesignal:OneSignal:3.15.7] AndroidManifest.xml:62:13-66:29
252-->[com.onesignal:OneSignal:3.15.7] AndroidManifest.xml:62:28-50
253                <action android:name="com.google.android.c2dm.intent.RECEIVE" />
253-->[:firebase_messaging] AndroidManifest.xml:29:17-81
253-->[:firebase_messaging] AndroidManifest.xml:29:25-78
254
255                <category android:name="com.flyweb" />
255-->[com.onesignal:OneSignal:3.15.7] AndroidManifest.xml:65:17-61
255-->[com.onesignal:OneSignal:3.15.7] AndroidManifest.xml:65:27-58
256            </intent-filter>
257        </receiver>
258        <receiver android:name="com.onesignal.NotificationOpenedReceiver" />
258-->[com.onesignal:OneSignal:3.15.7] AndroidManifest.xml:68:9-77
258-->[com.onesignal:OneSignal:3.15.7] AndroidManifest.xml:68:19-74
259
260        <service
260-->[com.onesignal:OneSignal:3.15.7] AndroidManifest.xml:70:9-76:19
261            android:name="com.onesignal.HmsMessageServiceOneSignal"
261-->[com.onesignal:OneSignal:3.15.7] AndroidManifest.xml:71:13-68
262            android:exported="false" >
262-->[com.onesignal:OneSignal:3.15.7] AndroidManifest.xml:72:13-37
263            <intent-filter>
263-->[com.onesignal:OneSignal:3.15.7] AndroidManifest.xml:73:13-75:29
264                <action android:name="com.huawei.push.action.MESSAGING_EVENT" />
264-->[com.onesignal:OneSignal:3.15.7] AndroidManifest.xml:74:17-81
264-->[com.onesignal:OneSignal:3.15.7] AndroidManifest.xml:74:25-78
265            </intent-filter>
266        </service>
267
268        <activity
268-->[com.onesignal:OneSignal:3.15.7] AndroidManifest.xml:78:9-84:20
269            android:name="com.onesignal.NotificationOpenedActivityHMS"
269-->[com.onesignal:OneSignal:3.15.7] AndroidManifest.xml:79:13-71
270            android:theme="@android:style/Theme.Translucent.NoTitleBar" >
270-->[com.onesignal:OneSignal:3.15.7] AndroidManifest.xml:80:13-72
271            <intent-filter>
271-->[com.onesignal:OneSignal:3.15.7] AndroidManifest.xml:81:13-83:29
272                <action android:name="android.intent.action.VIEW" />
272-->src\main\AndroidManifest.xml:60:12-64
272-->src\main\AndroidManifest.xml:60:20-61
273            </intent-filter>
274        </activity>
275
276        <service android:name="com.onesignal.GcmIntentService" />
276-->[com.onesignal:OneSignal:3.15.7] AndroidManifest.xml:86:9-66
276-->[com.onesignal:OneSignal:3.15.7] AndroidManifest.xml:86:18-63
277        <service
277-->[com.onesignal:OneSignal:3.15.7] AndroidManifest.xml:87:9-89:72
278            android:name="com.onesignal.GcmIntentJobService"
278-->[com.onesignal:OneSignal:3.15.7] AndroidManifest.xml:88:13-61
279            android:permission="android.permission.BIND_JOB_SERVICE" />
279-->[com.onesignal:OneSignal:3.15.7] AndroidManifest.xml:89:13-69
280        <service
280-->[com.onesignal:OneSignal:3.15.7] AndroidManifest.xml:90:9-92:72
281            android:name="com.onesignal.RestoreJobService"
281-->[com.onesignal:OneSignal:3.15.7] AndroidManifest.xml:91:13-59
282            android:permission="android.permission.BIND_JOB_SERVICE" />
282-->[com.onesignal:OneSignal:3.15.7] AndroidManifest.xml:92:13-69
283        <service
283-->[com.onesignal:OneSignal:3.15.7] AndroidManifest.xml:93:9-95:72
284            android:name="com.onesignal.RestoreKickoffJobService"
284-->[com.onesignal:OneSignal:3.15.7] AndroidManifest.xml:94:13-66
285            android:permission="android.permission.BIND_JOB_SERVICE" />
285-->[com.onesignal:OneSignal:3.15.7] AndroidManifest.xml:95:13-69
286        <service
286-->[com.onesignal:OneSignal:3.15.7] AndroidManifest.xml:96:9-98:43
287            android:name="com.onesignal.SyncService"
287-->[com.onesignal:OneSignal:3.15.7] AndroidManifest.xml:97:13-53
288            android:stopWithTask="true" />
288-->[com.onesignal:OneSignal:3.15.7] AndroidManifest.xml:98:13-40
289        <service
289-->[com.onesignal:OneSignal:3.15.7] AndroidManifest.xml:99:9-101:72
290            android:name="com.onesignal.SyncJobService"
290-->[com.onesignal:OneSignal:3.15.7] AndroidManifest.xml:100:13-56